<?xml version="1.0" encoding="UTF-8"?>
<!-- Generated by org.testng.reporters.JUnitReportReporter -->
<testsuite hostname="DESKTOP-J9SFK6I" failures="0" tests="1" name="Aleph_Labs.Assignment.APITest.APITest" time="1.205" errors="0" timestamp="22 Feb 2023 08:19:32 GMT" skipped="0">
  <testcase classname="Aleph_Labs.Assignment.APITest.APITest" name="verify_data_input" time="1.205"/>
</testsuite> <!-- Aleph_Labs.Assignment.APITest.APITest -->
