<?xml version="1.0" encoding="UTF-8"?>
<!-- Generated by org.testng.reporters.JUnitReportReporter -->
<testsuite hostname="DESKTOP-J9SFK6I" failures="0" tests="1" name="Aleph_Labs.Assignment.WebTest.WebTest" time="1.887" errors="0" timestamp="22 Feb 2023 14:54:00 GMT">
  <testcase classname="Aleph_Labs.Assignment.WebTest.WebTest" name="verify_title" time="1.887"/>
</testsuite> <!-- Aleph_Labs.Assignment.WebTest.WebTest -->
