<?xml version="1.0" encoding="UTF-8"?>
<!-- Generated by org.testng.reporters.JUnitReportReporter -->
<testsuite hostname="DESKTOP-J9SFK6I" failures="0" tests="1" name="Aleph_Labs.Assignment.MobileTest.MobileTest" time="40.104" errors="0" timestamp="23 Feb 2023 05:39:47 GMT">
  <testcase classname="Aleph_Labs.Assignment.MobileTest.MobileTest" name="UserLogin" time="40.104"/>
</testsuite> <!-- Aleph_Labs.Assignment.MobileTest.MobileTest -->
