<?xml version="1.0" encoding="UTF-8"?>
<!-- Generated by org.testng.reporters.JUnitReportReporter -->
<testsuite hostname="DESKTOP-J9SFK6I" failures="0" tests="2" name="Aleph_Labs.Assignment.APITest.UsersTesting" time="1.576" errors="0" timestamp="22 Feb 2023 04:15:43 GMT" skipped="0">
  <testcase classname="Aleph_Labs.Assignment.APITest.UsersTesting" name="VerifyCreatedUser" time="1.171"/>
  <testcase classname="Aleph_Labs.Assignment.APITest.UsersTesting" name="verifyTypeDatas" time="0.405"/>
</testsuite> <!-- Aleph_Labs.Assignment.APITest.UsersTesting -->
