<?xml version="1.0" encoding="UTF-8"?>
<!-- Generated by org.testng.reporters.JUnitReportReporter -->
<testsuite hostname="DESKTOP-J9SFK6I" failures="0" tests="2" name="Aleph_Labs.Assignment.APITest.APITest" time="1.551" errors="0" timestamp="23 Feb 2023 05:40:35 GMT">
  <testcase classname="Aleph_Labs.Assignment.APITest.APITest" name="verify_data_input" time="1.182"/>
  <testcase classname="Aleph_Labs.Assignment.APITest.APITest" name="verify_data_types" time="0.369"/>
</testsuite> <!-- Aleph_Labs.Assignment.APITest.APITest -->
